[16/Jun/2023:08:02:59 +0200] [upstream] Upstream starting: /usr/alwaysdata/uwsgi/2.0.21/bin/uwsgi --ini /home/albert79/admin/config/uwsgi/791947.conf (env: {'HOME': '/home/albert79', 'LANG': 'en_US.UTF-8', 'LC_ALL': 'en_US.UTF-8', 'PATH': '/home/albert79/.local/bin:/home/albert79/.local/share/gem/ruby/3.1.0/bin:/home/albert79/.gem/ruby/3.1.0/bin:/home/albert79/.composer/vendor/bin:/home/albert79/.npm-packages/bin:/usr/local/bin:/usr/bin:/bin', 'TMPDIR': '/home/albert79/admin/tmp', 'PYTHONHOME': '/usr/alwaysdata/python/3.11.3/', 'LD_LIBRARY_PATH': '/usr/alwaysdata/python/3.11.3/lib/'}, cwd: /home/albert79/)
[16/Jun/2023:08:02:59 +0200] [upstream] Upstream started PID: 4035584
[16/Jun/2023:08:02:59 +0200] [upstream] [4035584] STDERR: [uWSGI] getting INI configuration from /home/albert79/admin/config/uwsgi/791947.conf
[16/Jun/2023:08:03:00 +0200] [upstream] Upstream starting failed: /usr/alwaysdata/uwsgi/2.0.21/bin/uwsgi --ini /home/albert79/admin/config/uwsgi/791947.conf (return code: 22 | reason: -)
[16/Jun/2023:08:03:00 +0200] [upstream] Upstream /usr/alwaysdata/uwsgi/2.0.21/bin/uwsgi --ini /home/albert79/admin/config/uwsgi/791947.conf previously failed to start, will not start again until 08:03:01
[16/Jun/2023:08:03:04 +0200] [upstream] Upstream starting: /usr/alwaysdata/uwsgi/2.0.21/bin/uwsgi --ini /home/albert79/admin/config/uwsgi/791947.conf (env: {'HOME': '/home/albert79', 'LANG': 'en_US.UTF-8', 'LC_ALL': 'en_US.UTF-8', 'PATH': '/home/albert79/.local/bin:/home/albert79/.local/share/gem/ruby/3.1.0/bin:/home/albert79/.gem/ruby/3.1.0/bin:/home/albert79/.composer/vendor/bin:/home/albert79/.npm-packages/bin:/usr/local/bin:/usr/bin:/bin', 'TMPDIR': '/home/albert79/admin/tmp', 'PYTHONHOME': '/usr/alwaysdata/python/3.11.3/', 'LD_LIBRARY_PATH': '/usr/alwaysdata/python/3.11.3/lib/'}, cwd: /home/albert79/)
[16/Jun/2023:08:03:04 +0200] [upstream] Upstream started PID: 4035841
[16/Jun/2023:08:03:04 +0200] [upstream] [4035841] STDERR: [uWSGI] getting INI configuration from /home/albert79/admin/config/uwsgi/791947.conf
[16/Jun/2023:08:10:28 +0200] [upstream] [4035841] SIGHUP sent to upstream
[16/Jun/2023:08:18:07 +0200] [upstream] [4035841] SIGHUP sent to upstream
[16/Jun/2023:08:24:40 +0200] [upstream] [4035841] SIGHUP sent to upstream
[16/Jun/2023:08:25:28 +0200] [upstream] [4035841] SIGHUP sent to upstream
[16/Jun/2023:08:32:50 +0200] [upstream] [4035841] SIGHUP sent to upstream
[16/Jun/2023:08:32:53 +0200] [upstream] [4035841] Upstream stopped (reason: exited spontaneously with return code 22)
[16/Jun/2023:08:33:19 +0200] [upstream] Upstream starting: /usr/alwaysdata/uwsgi/2.0.21/bin/uwsgi --ini /home/albert79/admin/config/uwsgi/791947.conf (env: {'HOME': '/home/albert79', 'LANG': 'en_US.UTF-8', 'LC_ALL': 'en_US.UTF-8', 'PATH': '/home/albert79/.local/bin:/home/albert79/.local/share/gem/ruby/3.1.0/bin:/home/albert79/.gem/ruby/3.1.0/bin:/home/albert79/.composer/vendor/bin:/home/albert79/.npm-packages/bin:/usr/local/bin:/usr/bin:/bin', 'TMPDIR': '/home/albert79/admin/tmp', 'PYTHONHOME': '/usr/alwaysdata/python/3.11.3/', 'LD_LIBRARY_PATH': '/usr/alwaysdata/python/3.11.3/lib/'}, cwd: /home/albert79/)
[16/Jun/2023:08:33:19 +0200] [upstream] Upstream started PID: 4155473
[16/Jun/2023:08:33:19 +0200] [upstream] [4155473] STDERR: [uWSGI] getting INI configuration from /home/albert79/admin/config/uwsgi/791947.conf
[16/Jun/2023:08:33:20 +0200] [upstream] Upstream starting failed: /usr/alwaysdata/uwsgi/2.0.21/bin/uwsgi --ini /home/albert79/admin/config/uwsgi/791947.conf (return code: 22 | reason: -)
[16/Jun/2023:08:33:21 +0200] [upstream] Upstream /usr/alwaysdata/uwsgi/2.0.21/bin/uwsgi --ini /home/albert79/admin/config/uwsgi/791947.conf previously failed to start, will not start again until 08:33:21
[16/Jun/2023:08:33:22 +0200] [upstream] Upstream starting: /usr/alwaysdata/uwsgi/2.0.21/bin/uwsgi --ini /home/albert79/admin/config/uwsgi/791947.conf (env: {'HOME': '/home/albert79', 'LANG': 'en_US.UTF-8', 'LC_ALL': 'en_US.UTF-8', 'PATH': '/home/albert79/.local/bin:/home/albert79/.local/share/gem/ruby/3.1.0/bin:/home/albert79/.gem/ruby/3.1.0/bin:/home/albert79/.composer/vendor/bin:/home/albert79/.npm-packages/bin:/usr/local/bin:/usr/bin:/bin', 'TMPDIR': '/home/albert79/admin/tmp', 'PYTHONHOME': '/usr/alwaysdata/python/3.11.3/', 'LD_LIBRARY_PATH': '/usr/alwaysdata/python/3.11.3/lib/'}, cwd: /home/albert79/)
[16/Jun/2023:08:33:22 +0200] [upstream] Upstream started PID: 4155589
[16/Jun/2023:08:33:22 +0200] [upstream] [4155589] STDERR: [uWSGI] getting INI configuration from /home/albert79/admin/config/uwsgi/791947.conf
[16/Jun/2023:08:33:23 +0200] [upstream] Upstream starting failed: /usr/alwaysdata/uwsgi/2.0.21/bin/uwsgi --ini /home/albert79/admin/config/uwsgi/791947.conf (return code: 22 | reason: -)
[16/Jun/2023:08:33:26 +0200] [upstream] Upstream starting: /usr/alwaysdata/uwsgi/2.0.21/bin/uwsgi --ini /home/albert79/admin/config/uwsgi/791947.conf (env: {'HOME': '/home/albert79', 'LANG': 'en_US.UTF-8', 'LC_ALL': 'en_US.UTF-8', 'PATH': '/home/albert79/.local/bin:/home/albert79/.local/share/gem/ruby/3.1.0/bin:/home/albert79/.gem/ruby/3.1.0/bin:/home/albert79/.composer/vendor/bin:/home/albert79/.npm-packages/bin:/usr/local/bin:/usr/bin:/bin', 'TMPDIR': '/home/albert79/admin/tmp', 'PYTHONHOME': '/usr/alwaysdata/python/3.11.3/', 'LD_LIBRARY_PATH': '/usr/alwaysdata/python/3.11.3/lib/'}, cwd: /home/albert79/)
[16/Jun/2023:08:33:26 +0200] [upstream] Upstream started PID: 4155789
[16/Jun/2023:08:33:26 +0200] [upstream] [4155789] STDERR: [uWSGI] getting INI configuration from /home/albert79/admin/config/uwsgi/791947.conf
[16/Jun/2023:08:33:27 +0200] [upstream] Upstream starting failed: /usr/alwaysdata/uwsgi/2.0.21/bin/uwsgi --ini /home/albert79/admin/config/uwsgi/791947.conf (return code: 22 | reason: -)
[16/Jun/2023:08:33:52 +0200] [upstream] Upstream starting: /usr/alwaysdata/uwsgi/2.0.21/bin/uwsgi --ini /home/albert79/admin/config/uwsgi/791947.conf (env: {'HOME': '/home/albert79', 'LANG': 'en_US.UTF-8', 'LC_ALL': 'en_US.UTF-8', 'PATH': '/home/albert79/.local/bin:/home/albert79/.local/share/gem/ruby/3.1.0/bin:/home/albert79/.gem/ruby/3.1.0/bin:/home/albert79/.composer/vendor/bin:/home/albert79/.npm-packages/bin:/usr/local/bin:/usr/bin:/bin', 'TMPDIR': '/home/albert79/admin/tmp', 'PYTHONHOME': '/usr/alwaysdata/python/3.11.3/', 'LD_LIBRARY_PATH': '/usr/alwaysdata/python/3.11.3/lib/'}, cwd: /home/albert79/)
[16/Jun/2023:08:33:52 +0200] [upstream] Upstream started PID: 4158697
[16/Jun/2023:08:33:52 +0200] [upstream] [4158697] STDERR: [uWSGI] getting INI configuration from /home/albert79/admin/config/uwsgi/791947.conf
[16/Jun/2023:08:33:53 +0200] [upstream] Upstream starting failed: /usr/alwaysdata/uwsgi/2.0.21/bin/uwsgi --ini /home/albert79/admin/config/uwsgi/791947.conf (return code: 22 | reason: -)
[16/Jun/2023:08:34:53 +0200] [upstream] Upstream starting: /usr/alwaysdata/uwsgi/2.0.21/bin/uwsgi --ini /home/albert79/admin/config/uwsgi/791947.conf (env: {'HOME': '/home/albert79', 'LANG': 'en_US.UTF-8', 'LC_ALL': 'en_US.UTF-8', 'PATH': '/home/albert79/.local/bin:/home/albert79/.local/share/gem/ruby/3.1.0/bin:/home/albert79/.gem/ruby/3.1.0/bin:/home/albert79/.composer/vendor/bin:/home/albert79/.npm-packages/bin:/usr/local/bin:/usr/bin:/bin', 'TMPDIR': '/home/albert79/admin/tmp', 'PYTHONHOME': '/usr/alwaysdata/python/3.11.3/', 'LD_LIBRARY_PATH': '/usr/alwaysdata/python/3.11.3/lib/'}, cwd: /home/albert79/)
[16/Jun/2023:08:34:53 +0200] [upstream] Upstream started PID: 4163302
[16/Jun/2023:08:34:53 +0200] [upstream] [4163302] STDERR: [uWSGI] getting INI configuration from /home/albert79/admin/config/uwsgi/791947.conf
[16/Jun/2023:08:34:54 +0200] [upstream] Upstream starting failed: /usr/alwaysdata/uwsgi/2.0.21/bin/uwsgi --ini /home/albert79/admin/config/uwsgi/791947.conf (return code: 22 | reason: -)
[16/Jun/2023:08:34:55 +0200] [upstream] Upstream /usr/alwaysdata/uwsgi/2.0.21/bin/uwsgi --ini /home/albert79/admin/config/uwsgi/791947.conf previously failed to start, will not start again until 08:34:55
[16/Jun/2023:08:34:56 +0200] [upstream] Upstream starting: /usr/alwaysdata/uwsgi/2.0.21/bin/uwsgi --ini /home/albert79/admin/config/uwsgi/791947.conf (env: {'HOME': '/home/albert79', 'LANG': 'en_US.UTF-8', 'LC_ALL': 'en_US.UTF-8', 'PATH': '/home/albert79/.local/bin:/home/albert79/.local/share/gem/ruby/3.1.0/bin:/home/albert79/.gem/ruby/3.1.0/bin:/home/albert79/.composer/vendor/bin:/home/albert79/.npm-packages/bin:/usr/local/bin:/usr/bin:/bin', 'TMPDIR': '/home/albert79/admin/tmp', 'PYTHONHOME': '/usr/alwaysdata/python/3.11.3/', 'LD_LIBRARY_PATH': '/usr/alwaysdata/python/3.11.3/lib/'}, cwd: /home/albert79/)
[16/Jun/2023:08:34:56 +0200] [upstream] Upstream started PID: 4163459
[16/Jun/2023:08:34:56 +0200] [upstream] [4163459] STDERR: [uWSGI] getting INI configuration from /home/albert79/admin/config/uwsgi/791947.conf
[16/Jun/2023:08:34:57 +0200] [upstream] Upstream starting failed: /usr/alwaysdata/uwsgi/2.0.21/bin/uwsgi --ini /home/albert79/admin/config/uwsgi/791947.conf (return code: 22 | reason: -)
[16/Jun/2023:08:34:59 +0200] [upstream] Upstream starting: /usr/alwaysdata/uwsgi/2.0.21/bin/uwsgi --ini /home/albert79/admin/config/uwsgi/791947.conf (env: {'HOME': '/home/albert79', 'LANG': 'en_US.UTF-8', 'LC_ALL': 'en_US.UTF-8', 'PATH': '/home/albert79/.local/bin:/home/albert79/.local/share/gem/ruby/3.1.0/bin:/home/albert79/.gem/ruby/3.1.0/bin:/home/albert79/.composer/vendor/bin:/home/albert79/.npm-packages/bin:/usr/local/bin:/usr/bin:/bin', 'TMPDIR': '/home/albert79/admin/tmp', 'PYTHONHOME': '/usr/alwaysdata/python/3.11.3/', 'LD_LIBRARY_PATH': '/usr/alwaysdata/python/3.11.3/lib/'}, cwd: /home/albert79/)
[16/Jun/2023:08:34:59 +0200] [upstream] Upstream started PID: 4163664
[16/Jun/2023:08:34:59 +0200] [upstream] [4163664] STDERR: [uWSGI] getting INI configuration from /home/albert79/admin/config/uwsgi/791947.conf
[16/Jun/2023:08:35:00 +0200] [upstream] Upstream starting failed: /usr/alwaysdata/uwsgi/2.0.21/bin/uwsgi --ini /home/albert79/admin/config/uwsgi/791947.conf (return code: 22 | reason: -)
[16/Jun/2023:08:35:03 +0200] [upstream] Upstream /usr/alwaysdata/uwsgi/2.0.21/bin/uwsgi --ini /home/albert79/admin/config/uwsgi/791947.conf previously failed to start, will not start again until 08:35:04
[16/Jun/2023:08:35:27 +0200] [upstream] Upstream starting: /usr/alwaysdata/uwsgi/2.0.21/bin/uwsgi --ini /home/albert79/admin/config/uwsgi/791947.conf (env: {'HOME': '/home/albert79', 'LANG': 'en_US.UTF-8', 'LC_ALL': 'en_US.UTF-8', 'PATH': '/home/albert79/.local/bin:/home/albert79/.local/share/gem/ruby/3.1.0/bin:/home/albert79/.gem/ruby/3.1.0/bin:/home/albert79/.composer/vendor/bin:/home/albert79/.npm-packages/bin:/usr/local/bin:/usr/bin:/bin', 'TMPDIR': '/home/albert79/admin/tmp', 'PYTHONHOME': '/usr/alwaysdata/python/3.11.3/', 'LD_LIBRARY_PATH': '/usr/alwaysdata/python/3.11.3/lib/'}, cwd: /home/albert79/)
[16/Jun/2023:08:35:27 +0200] [upstream] Upstream started PID: 4166305
[16/Jun/2023:08:35:27 +0200] [upstream] [4166305] STDERR: [uWSGI] getting INI configuration from /home/albert79/admin/config/uwsgi/791947.conf
[16/Jun/2023:08:35:28 +0200] [upstream] Upstream starting failed: /usr/alwaysdata/uwsgi/2.0.21/bin/uwsgi --ini /home/albert79/admin/config/uwsgi/791947.conf (return code: 22 | reason: -)
[16/Jun/2023:08:36:46 +0200] [upstream] Upstream starting: /usr/alwaysdata/uwsgi/2.0.21/bin/uwsgi --ini /home/albert79/admin/config/uwsgi/791947.conf (env: {'HOME': '/home/albert79', 'LANG': 'en_US.UTF-8', 'LC_ALL': 'en_US.UTF-8', 'PATH': '/home/albert79/.local/bin:/home/albert79/.local/share/gem/ruby/3.1.0/bin:/home/albert79/.gem/ruby/3.1.0/bin:/home/albert79/.composer/vendor/bin:/home/albert79/.npm-packages/bin:/usr/local/bin:/usr/bin:/bin', 'TMPDIR': '/home/albert79/admin/tmp', 'PYTHONHOME': '/usr/alwaysdata/python/3.11.3/', 'LD_LIBRARY_PATH': '/usr/alwaysdata/python/3.11.3/lib/'}, cwd: /home/albert79/)
[16/Jun/2023:08:36:46 +0200] [upstream] Upstream started PID: 4172941
[16/Jun/2023:08:36:46 +0200] [upstream] [4172941] STDERR: [uWSGI] getting INI configuration from /home/albert79/admin/config/uwsgi/791947.conf
[16/Jun/2023:08:52:37 +0200] [upstream] [4172941] SIGHUP sent to upstream
[16/Jun/2023:08:55:44 +0200] [upstream] [4172941] SIGHUP sent to upstream
[16/Jun/2023:08:56:30 +0200] [upstream] [4172941] SIGHUP sent to upstream
