albert79.alwaysdata.net 189.203.106.153 - - [16/Jun/2023:08:03:00 +0200] "GET / HTTP/1.1" 502 128 "-" "Mozilla/5.0 (Windows NT 10.0; Win64; x64) AppleWebKit/537.36 (KHTML, like Gecko) Chrome/114.0.0.0 Safari/537.36"
albert79.alwaysdata.net 189.203.106.153 - - [16/Jun/2023:08:03:00 +0200] "GET /favicon.ico HTTP/1.1" 502 127 "http://albert79.alwaysdata.net/" "Mozilla/5.0 (Windows NT 10.0; Win64; x64) AppleWebKit/537.36 (KHTML, like Gecko) Chrome/114.0.0.0 Safari/537.36"
albert79.alwaysdata.net 189.203.106.153 - - [16/Jun/2023:08:03:05 +0200] "GET / HTTP/1.1" 200 71 "-" "Mozilla/5.0 (Windows NT 10.0; Win64; x64) AppleWebKit/537.36 (KHTML, like Gecko) Chrome/114.0.0.0 Safari/537.36"
albert79.alwaysdata.net 189.203.106.153 - - [16/Jun/2023:08:03:05 +0200] "GET /favicon.ico HTTP/1.1" 404 207 "http://albert79.alwaysdata.net/" "Mozilla/5.0 (Windows NT 10.0; Win64; x64) AppleWebKit/537.36 (KHTML, like Gecko) Chrome/114.0.0.0 Safari/537.36"
albert79.alwaysdata.net 189.203.106.153 - - [16/Jun/2023:08:04:29 +0200] "GET / HTTP/1.1" 200 71 "-" "Mozilla/5.0 (Windows NT 10.0; Win64; x64) AppleWebKit/537.36 (KHTML, like Gecko) Chrome/114.0.0.0 Safari/537.36"
albert79.alwaysdata.net 2a03:2880:27ff:76::face:b00c - - [16/Jun/2023:08:05:36 +0200] "GET /webhook/?hub.mode=subscribe&hub.challenge=542562900&hub.verify_token=HolaNovato HTTP/1.1" 404 207 "-" "facebookplatform/1.0 (+http://developers.facebook.com)"
albert79.alwaysdata.net 189.203.106.153 - - [16/Jun/2023:08:06:38 +0200] "GET / HTTP/1.1" 200 71 "-" "Mozilla/5.0 (Windows NT 10.0; Win64; x64) AppleWebKit/537.36 (KHTML, like Gecko) Chrome/114.0.0.0 Safari/537.36"
albert79.alwaysdata.net 189.203.106.153 - - [16/Jun/2023:08:06:46 +0200] "GET /webhook HTTP/2.0" 404 207 "-" "Mozilla/5.0 (Windows NT 10.0; Win64; x64) AppleWebKit/537.36 (KHTML, like Gecko) Chrome/114.0.0.0 Safari/537.36"
albert79.alwaysdata.net 189.203.106.153 - - [16/Jun/2023:08:06:47 +0200] "GET /favicon.ico HTTP/2.0" 404 207 "https://albert79.alwaysdata.net/webhook" "Mozilla/5.0 (Windows NT 10.0; Win64; x64) AppleWebKit/537.36 (KHTML, like Gecko) Chrome/114.0.0.0 Safari/537.36"
albert79.alwaysdata.net 189.203.106.153 - - [16/Jun/2023:08:06:56 +0200] "GET /webhook/ HTTP/2.0" 404 207 "-" "Mozilla/5.0 (Windows NT 10.0; Win64; x64) AppleWebKit/537.36 (KHTML, like Gecko) Chrome/114.0.0.0 Safari/537.36"
albert79.alwaysdata.net 189.203.106.153 - - [16/Jun/2023:08:08:08 +0200] "GET / HTTP/1.1" 200 71 "-" "Mozilla/5.0 (Windows NT 10.0; Win64; x64) AppleWebKit/537.36 (KHTML, like Gecko) Chrome/114.0.0.0 Safari/537.36"
albert79.alwaysdata.net 189.203.106.153 - - [16/Jun/2023:08:08:15 +0200] "GET /webhook HTTP/2.0" 404 207 "-" "Mozilla/5.0 (Windows NT 10.0; Win64; x64) AppleWebKit/537.36 (KHTML, like Gecko) Chrome/114.0.0.0 Safari/537.36"
albert79.alwaysdata.net 189.203.106.153 - - [16/Jun/2023:08:09:24 +0200] "GET /webhook HTTP/2.0" 404 207 "-" "Mozilla/5.0 (Windows NT 10.0; Win64; x64) AppleWebKit/537.36 (KHTML, like Gecko) Chrome/114.0.0.0 Safari/537.36"
albert79.alwaysdata.net 189.203.106.153 - - [16/Jun/2023:08:09:26 +0200] "GET /webhook HTTP/2.0" 404 207 "-" "Mozilla/5.0 (Windows NT 10.0; Win64; x64) AppleWebKit/537.36 (KHTML, like Gecko) Chrome/114.0.0.0 Safari/537.36"
albert79.alwaysdata.net 2a03:2880:27ff:74::face:b00c - - [16/Jun/2023:08:09:58 +0200] "GET /webhook/?hub.mode=subscribe&hub.challenge=1766784450&hub.verify_token=HolaNovato HTTP/1.1" 404 207 "-" "facebookplatform/1.0 (+http://developers.facebook.com)"
albert79.alwaysdata.net 189.203.106.153 - - [16/Jun/2023:08:10:26 +0200] "GET / HTTP/1.1" 200 71 "-" "Mozilla/5.0 (Windows NT 10.0; Win64; x64) AppleWebKit/537.36 (KHTML, like Gecko) Chrome/113.0.0.0 Safari/537.36 OPR/99.0.0.0"
albert79.alwaysdata.net 189.203.106.153 - - [16/Jun/2023:08:10:26 +0200] "GET /favicon.ico HTTP/1.1" 404 207 "http://albert79.alwaysdata.net/" "Mozilla/5.0 (Windows NT 10.0; Win64; x64) AppleWebKit/537.36 (KHTML, like Gecko) Chrome/113.0.0.0 Safari/537.36 OPR/99.0.0.0"
albert79.alwaysdata.net 189.203.106.153 - - [16/Jun/2023:08:10:31 +0200] "GET / HTTP/1.1" 404 207 "-" "Mozilla/5.0 (Windows NT 10.0; Win64; x64) AppleWebKit/537.36 (KHTML, like Gecko) Chrome/113.0.0.0 Safari/537.36 OPR/99.0.0.0"
albert79.alwaysdata.net 189.203.106.153 - - [16/Jun/2023:08:10:40 +0200] "GET /webhook HTTP/1.1" 308 265 "-" "Mozilla/5.0 (Windows NT 10.0; Win64; x64) AppleWebKit/537.36 (KHTML, like Gecko) Chrome/113.0.0.0 Safari/537.36 OPR/99.0.0.0"
albert79.alwaysdata.net 189.203.106.153 - - [16/Jun/2023:08:10:40 +0200] "GET /webhook/ HTTP/1.1" 200 25 "-" "Mozilla/5.0 (Windows NT 10.0; Win64; x64) AppleWebKit/537.36 (KHTML, like Gecko) Chrome/113.0.0.0 Safari/537.36 OPR/99.0.0.0"
albert79.alwaysdata.net 2a03:2880:27ff::face:b00c - - [16/Jun/2023:08:10:47 +0200] "GET /webhook/?hub.mode=subscribe&hub.challenge=343133766&hub.verify_token=HolaNovato HTTP/1.1" 200 9 "-" "facebookplatform/1.0 (+http://developers.facebook.com)"
albert79.alwaysdata.net 2a03:2880:21ff:7::face:b00c - - [16/Jun/2023:08:17:44 +0200] "POST /webhook/ HTTP/1.1" 200 27 "-" "facebookexternalua"
albert79.alwaysdata.net 2a03:2880:20ff:76::face:b00c - - [16/Jun/2023:08:18:12 +0200] "POST /webhook/ HTTP/1.1" 200 27 "-" "facebookexternalua"
albert79.alwaysdata.net 2a03:2880:11ff:4::face:b00c - - [16/Jun/2023:08:21:50 +0200] "POST /webhook/ HTTP/1.1" 200 27 "-" "facebookexternalua"
albert79.alwaysdata.net 2a03:2880:20ff:76::face:b00c - - [16/Jun/2023:08:24:45 +0200] "POST /webhook/ HTTP/1.1" 200 27 "-" "facebookexternalua"
albert79.alwaysdata.net 2a03:2880:ff:75::face:b00c - - [16/Jun/2023:08:25:39 +0200] "POST /webhook/ HTTP/1.1" 200 27 "-" "facebookexternalua"
albert79.alwaysdata.net 2a03:2880:10ff:78::face:b00c - - [16/Jun/2023:08:27:09 +0200] "POST /webhook/ HTTP/1.1" 200 27 "-" "facebookexternalua"
albert79.alwaysdata.net 2a03:2880:20ff:7::face:b00c - - [16/Jun/2023:08:27:44 +0200] "POST /webhook/ HTTP/1.1" 200 27 "-" "facebookexternalua"
albert79.alwaysdata.net 2a03:2880:10ff:3::face:b00c - - [16/Jun/2023:08:33:20 +0200] "POST /webhook/ HTTP/1.1" 502 128 "-" "facebookexternalua"
albert79.alwaysdata.net 2a03:2880:ff:4::face:b00c - - [16/Jun/2023:08:33:21 +0200] "POST /webhook/ HTTP/1.1" 502 127 "-" "facebookexternalua"
albert79.alwaysdata.net 2a03:2880:ff:75::face:b00c - - [16/Jun/2023:08:33:23 +0200] "POST /webhook/ HTTP/1.1" 502 128 "-" "facebookexternalua"
albert79.alwaysdata.net 2a03:2880:ff:d::face:b00c - - [16/Jun/2023:08:33:27 +0200] "POST /webhook/ HTTP/1.1" 502 128 "-" "facebookexternalua"
albert79.alwaysdata.net 2a03:2880:ff:77::face:b00c - - [16/Jun/2023:08:33:53 +0200] "POST /webhook/ HTTP/1.1" 502 128 "-" "facebookexternalua"
albert79.alwaysdata.net 2a03:2880:20ff:78::face:b00c - - [16/Jun/2023:08:34:54 +0200] "POST /webhook/ HTTP/1.1" 502 128 "-" "facebookexternalua"
albert79.alwaysdata.net 2a03:2880:21ff:12::face:b00c - - [16/Jun/2023:08:34:55 +0200] "POST /webhook/ HTTP/1.1" 502 127 "-" "facebookexternalua"
albert79.alwaysdata.net 2a03:2880:21ff:4::face:b00c - - [16/Jun/2023:08:34:57 +0200] "POST /webhook/ HTTP/1.1" 502 128 "-" "facebookexternalua"
albert79.alwaysdata.net 2a03:2880:21ff:13::face:b00c - - [16/Jun/2023:08:35:00 +0200] "POST /webhook/ HTTP/1.1" 502 128 "-" "facebookexternalua"
albert79.alwaysdata.net 2a03:2880:10ff:f::face:b00c - - [16/Jun/2023:08:35:03 +0200] "POST /webhook/ HTTP/1.1" 502 127 "-" "facebookexternalua"
albert79.alwaysdata.net 2a03:2880:21ff:b::face:b00c - - [16/Jun/2023:08:35:28 +0200] "POST /webhook/ HTTP/1.1" 502 128 "-" "facebookexternalua"
albert79.alwaysdata.net 2a03:2880:20ff:7::face:b00c - - [16/Jun/2023:08:36:47 +0200] "POST /webhook/ HTTP/1.1" 200 27 "-" "facebookexternalua"
albert79.alwaysdata.net 2a03:2880:10ff:6::face:b00c - - [16/Jun/2023:08:36:48 +0200] "POST /webhook/ HTTP/1.1" 500 265 "-" "facebookexternalua"
albert79.alwaysdata.net 2a03:2880:21ff:4::face:b00c - - [16/Jun/2023:08:36:48 +0200] "POST /webhook/ HTTP/1.1" 500 265 "-" "facebookexternalua"
albert79.alwaysdata.net 2a03:2880:10ff:77::face:b00c - - [16/Jun/2023:08:36:48 +0200] "POST /webhook/ HTTP/1.1" 500 265 "-" "facebookexternalua"
albert79.alwaysdata.net 2a03:2880:21ff:10::face:b00c - - [16/Jun/2023:08:36:49 +0200] "POST /webhook/ HTTP/1.1" 500 265 "-" "facebookexternalua"
albert79.alwaysdata.net 2a03:2880:21ff:74::face:b00c - - [16/Jun/2023:08:36:49 +0200] "POST /webhook/ HTTP/1.1" 500 265 "-" "facebookexternalua"
albert79.alwaysdata.net 2a03:2880:10ff::face:b00c - - [16/Jun/2023:08:36:49 +0200] "POST /webhook/ HTTP/1.1" 500 265 "-" "facebookexternalua"
albert79.alwaysdata.net 2a03:2880:21ff:6::face:b00c - - [16/Jun/2023:08:36:49 +0200] "POST /webhook/ HTTP/1.1" 500 265 "-" "facebookexternalua"
albert79.alwaysdata.net 2a03:2880:21ff:77::face:b00c - - [16/Jun/2023:08:36:49 +0200] "POST /webhook/ HTTP/1.1" 500 265 "-" "facebookexternalua"
albert79.alwaysdata.net 2a03:2880:10ff:f::face:b00c - - [16/Jun/2023:08:36:50 +0200] "POST /webhook/ HTTP/1.1" 500 265 "-" "facebookexternalua"
albert79.alwaysdata.net 2a03:2880:21ff:6::face:b00c - - [16/Jun/2023:08:36:51 +0200] "POST /webhook/ HTTP/1.1" 500 265 "-" "facebookexternalua"
albert79.alwaysdata.net 2a03:2880:21ff:15::face:b00c - - [16/Jun/2023:08:36:52 +0200] "POST /webhook/ HTTP/1.1" 500 265 "-" "facebookexternalua"
albert79.alwaysdata.net 2a03:2880:10ff:e::face:b00c - - [16/Jun/2023:08:36:52 +0200] "POST /webhook/ HTTP/1.1" 500 265 "-" "facebookexternalua"
albert79.alwaysdata.net 2a03:2880:20ff:5::face:b00c - - [16/Jun/2023:08:36:53 +0200] "POST /webhook/ HTTP/1.1" 200 27 "-" "facebookexternalua"
albert79.alwaysdata.net 2a03:2880:20ff:75::face:b00c - - [16/Jun/2023:08:36:54 +0200] "POST /webhook/ HTTP/1.1" 500 265 "-" "facebookexternalua"
albert79.alwaysdata.net 2a03:2880:ff:77::face:b00c - - [16/Jun/2023:08:36:54 +0200] "POST /webhook/ HTTP/1.1" 500 265 "-" "facebookexternalua"
albert79.alwaysdata.net 2a03:2880:21ff:6::face:b00c - - [16/Jun/2023:08:36:55 +0200] "POST /webhook/ HTTP/1.1" 500 265 "-" "facebookexternalua"
albert79.alwaysdata.net 2a03:2880:21ff:77::face:b00c - - [16/Jun/2023:08:36:55 +0200] "POST /webhook/ HTTP/1.1" 500 265 "-" "facebookexternalua"
albert79.alwaysdata.net 2a03:2880:20ff:3::face:b00c - - [16/Jun/2023:08:36:55 +0200] "POST /webhook/ HTTP/1.1" 500 265 "-" "facebookexternalua"
albert79.alwaysdata.net 2a03:2880:20ff:b::face:b00c - - [16/Jun/2023:08:36:56 +0200] "POST /webhook/ HTTP/1.1" 500 265 "-" "facebookexternalua"
albert79.alwaysdata.net 2a03:2880:21ff:16::face:b00c - - [16/Jun/2023:08:36:58 +0200] "POST /webhook/ HTTP/1.1" 500 265 "-" "facebookexternalua"
albert79.alwaysdata.net 2a03:2880:20ff:2::face:b00c - - [16/Jun/2023:08:36:58 +0200] "POST /webhook/ HTTP/1.1" 500 265 "-" "facebookexternalua"
albert79.alwaysdata.net 2a03:2880:21ff:16::face:b00c - - [16/Jun/2023:08:37:16 +0200] "POST /webhook/ HTTP/1.1" 500 265 "-" "facebookexternalua"
albert79.alwaysdata.net 2a03:2880:21ff:77::face:b00c - - [16/Jun/2023:08:37:18 +0200] "POST /webhook/ HTTP/1.1" 500 265 "-" "facebookexternalua"
albert79.alwaysdata.net 2a03:2880:10ff:2::face:b00c - - [16/Jun/2023:08:37:20 +0200] "POST /webhook/ HTTP/1.1" 500 265 "-" "facebookexternalua"
albert79.alwaysdata.net 2a03:2880:20ff:c::face:b00c - - [16/Jun/2023:08:37:22 +0200] "POST /webhook/ HTTP/1.1" 500 265 "-" "facebookexternalua"
albert79.alwaysdata.net 2a03:2880:21ff:f::face:b00c - - [16/Jun/2023:08:37:24 +0200] "POST /webhook/ HTTP/1.1" 500 265 "-" "facebookexternalua"
albert79.alwaysdata.net 2a03:2880:21ff:d::face:b00c - - [16/Jun/2023:08:38:07 +0200] "POST /webhook/ HTTP/1.1" 200 27 "-" "facebookexternalua"
albert79.alwaysdata.net 2a03:2880:21ff:b::face:b00c - - [16/Jun/2023:08:38:08 +0200] "POST /webhook/ HTTP/1.1" 500 265 "-" "facebookexternalua"
albert79.alwaysdata.net 2a03:2880:ff:4::face:b00c - - [16/Jun/2023:08:38:08 +0200] "POST /webhook/ HTTP/1.1" 500 265 "-" "facebookexternalua"
albert79.alwaysdata.net 2a03:2880:10ff:78::face:b00c - - [16/Jun/2023:08:38:09 +0200] "POST /webhook/ HTTP/1.1" 500 265 "-" "facebookexternalua"
albert79.alwaysdata.net 2a03:2880:20ff:e::face:b00c - - [16/Jun/2023:08:38:09 +0200] "POST /webhook/ HTTP/1.1" 500 265 "-" "facebookexternalua"
albert79.alwaysdata.net 2a03:2880:10ff:75::face:b00c - - [16/Jun/2023:08:38:09 +0200] "POST /webhook/ HTTP/1.1" 500 265 "-" "facebookexternalua"
albert79.alwaysdata.net 2a03:2880:20ff:74::face:b00c - - [16/Jun/2023:08:38:09 +0200] "POST /webhook/ HTTP/1.1" 500 265 "-" "facebookexternalua"
albert79.alwaysdata.net 2a03:2880:10ff::face:b00c - - [16/Jun/2023:08:38:11 +0200] "POST /webhook/ HTTP/1.1" 500 265 "-" "facebookexternalua"
albert79.alwaysdata.net 2a03:2880:20ff:3::face:b00c - - [16/Jun/2023:08:38:12 +0200] "POST /webhook/ HTTP/1.1" 500 265 "-" "facebookexternalua"
albert79.alwaysdata.net 2a03:2880:10ff:a::face:b00c - - [16/Jun/2023:08:38:14 +0200] "POST /webhook/ HTTP/1.1" 200 27 "-" "facebookexternalua"
albert79.alwaysdata.net 2a03:2880:10ff:74::face:b00c - - [16/Jun/2023:08:38:14 +0200] "POST /webhook/ HTTP/1.1" 500 265 "-" "facebookexternalua"
albert79.alwaysdata.net 2a03:2880:21ff:f::face:b00c - - [16/Jun/2023:08:38:15 +0200] "POST /webhook/ HTTP/1.1" 500 265 "-" "facebookexternalua"
albert79.alwaysdata.net 2a03:2880:ff:10::face:b00c - - [16/Jun/2023:08:38:15 +0200] "POST /webhook/ HTTP/1.1" 500 265 "-" "facebookexternalua"
albert79.alwaysdata.net 2a03:2880:21ff:9::face:b00c - - [16/Jun/2023:08:38:16 +0200] "POST /webhook/ HTTP/1.1" 500 265 "-" "facebookexternalua"
albert79.alwaysdata.net 2a03:2880:21ff:14::face:b00c - - [16/Jun/2023:08:38:16 +0200] "POST /webhook/ HTTP/1.1" 500 265 "-" "facebookexternalua"
albert79.alwaysdata.net 2a03:2880:21ff:12::face:b00c - - [16/Jun/2023:08:38:16 +0200] "POST /webhook/ HTTP/1.1" 500 265 "-" "facebookexternalua"
albert79.alwaysdata.net 2a03:2880:21ff:7::face:b00c - - [16/Jun/2023:08:38:18 +0200] "POST /webhook/ HTTP/1.1" 500 265 "-" "facebookexternalua"
albert79.alwaysdata.net 2a03:2880:21ff:2::face:b00c - - [16/Jun/2023:08:38:18 +0200] "POST /webhook/ HTTP/1.1" 500 265 "-" "facebookexternalua"
albert79.alwaysdata.net 2a03:2880:ff::face:b00c - - [16/Jun/2023:08:38:29 +0200] "POST /webhook/ HTTP/1.1" 200 27 "-" "facebookexternalua"
albert79.alwaysdata.net 2a03:2880:10ff:f::face:b00c - - [16/Jun/2023:08:38:30 +0200] "POST /webhook/ HTTP/1.1" 500 265 "-" "facebookexternalua"
albert79.alwaysdata.net 2a03:2880:20ff:9::face:b00c - - [16/Jun/2023:08:38:30 +0200] "POST /webhook/ HTTP/1.1" 500 265 "-" "facebookexternalua"
albert79.alwaysdata.net 2a03:2880:21ff:b::face:b00c - - [16/Jun/2023:08:38:30 +0200] "POST /webhook/ HTTP/1.1" 500 265 "-" "facebookexternalua"
albert79.alwaysdata.net 2a03:2880:10ff:d::face:b00c - - [16/Jun/2023:08:38:30 +0200] "POST /webhook/ HTTP/1.1" 500 265 "-" "facebookexternalua"
albert79.alwaysdata.net 2a03:2880:10ff:2::face:b00c - - [16/Jun/2023:08:38:30 +0200] "POST /webhook/ HTTP/1.1" 500 265 "-" "facebookexternalua"
albert79.alwaysdata.net 2a03:2880:21ff:a::face:b00c - - [16/Jun/2023:08:38:31 +0200] "POST /webhook/ HTTP/1.1" 500 265 "-" "facebookexternalua"
albert79.alwaysdata.net 2a03:2880:10ff:75::face:b00c - - [16/Jun/2023:08:38:31 +0200] "POST /webhook/ HTTP/1.1" 500 265 "-" "facebookexternalua"
albert79.alwaysdata.net 2a03:2880:ff:2::face:b00c - - [16/Jun/2023:08:38:31 +0200] "POST /webhook/ HTTP/1.1" 500 265 "-" "facebookexternalua"
albert79.alwaysdata.net 2a03:2880:ff:74::face:b00c - - [16/Jun/2023:08:38:32 +0200] "POST /webhook/ HTTP/1.1" 500 265 "-" "facebookexternalua"
albert79.alwaysdata.net 2a03:2880:21ff:16::face:b00c - - [16/Jun/2023:08:38:33 +0200] "POST /webhook/ HTTP/1.1" 500 265 "-" "facebookexternalua"
albert79.alwaysdata.net 2a03:2880:10ff:b::face:b00c - - [16/Jun/2023:08:38:33 +0200] "POST /webhook/ HTTP/1.1" 500 265 "-" "facebookexternalua"
albert79.alwaysdata.net 2a03:2880:ff:f::face:b00c - - [16/Jun/2023:08:38:35 +0200] "POST /webhook/ HTTP/1.1" 500 265 "-" "facebookexternalua"
albert79.alwaysdata.net 2a03:2880:10ff:a::face:b00c - - [16/Jun/2023:08:38:35 +0200] "POST /webhook/ HTTP/1.1" 500 265 "-" "facebookexternalua"
albert79.alwaysdata.net 2a03:2880:f012:d4:face:b00c:0:619b - - [16/Jun/2023:08:38:37 +0200] "POST /webhook/ HTTP/1.1" 500 265 "-" "facebookexternalua"
albert79.alwaysdata.net 2a03:2880:21ff:d::face:b00c - - [16/Jun/2023:08:38:38 +0200] "POST /webhook/ HTTP/1.1" 200 27 "-" "facebookexternalua"
albert79.alwaysdata.net 2a03:2880:10ff:f::face:b00c - - [16/Jun/2023:08:38:39 +0200] "POST /webhook/ HTTP/1.1" 500 265 "-" "facebookexternalua"
albert79.alwaysdata.net 2a03:2880:ff:2::face:b00c - - [16/Jun/2023:08:38:39 +0200] "POST /webhook/ HTTP/1.1" 500 265 "-" "facebookexternalua"
albert79.alwaysdata.net 2a03:2880:20ff:75::face:b00c - - [16/Jun/2023:08:38:39 +0200] "POST /webhook/ HTTP/1.1" 500 265 "-" "facebookexternalua"
albert79.alwaysdata.net 2a03:2880:ff:3::face:b00c - - [16/Jun/2023:08:38:39 +0200] "POST /webhook/ HTTP/1.1" 500 265 "-" "facebookexternalua"
albert79.alwaysdata.net 2a03:2880:20ff:9::face:b00c - - [16/Jun/2023:08:38:40 +0200] "POST /webhook/ HTTP/1.1" 500 265 "-" "facebookexternalua"
albert79.alwaysdata.net 2a03:2880:ff:1::face:b00c - - [16/Jun/2023:08:38:40 +0200] "POST /webhook/ HTTP/1.1" 500 265 "-" "facebookexternalua"
albert79.alwaysdata.net 2a03:2880:20ff:78::face:b00c - - [16/Jun/2023:08:38:41 +0200] "POST /webhook/ HTTP/1.1" 500 265 "-" "facebookexternalua"
albert79.alwaysdata.net 2a03:2880:21ff:77::face:b00c - - [16/Jun/2023:08:38:42 +0200] "POST /webhook/ HTTP/1.1" 500 265 "-" "facebookexternalua"
albert79.alwaysdata.net 2a03:2880:ff:9::face:b00c - - [16/Jun/2023:08:38:43 +0200] "POST /webhook/ HTTP/1.1" 500 265 "-" "facebookexternalua"
albert79.alwaysdata.net 2a03:2880:21ff:74::face:b00c - - [16/Jun/2023:08:38:44 +0200] "POST /webhook/ HTTP/1.1" 500 265 "-" "facebookexternalua"
albert79.alwaysdata.net 2a03:2880:ff:9::face:b00c - - [16/Jun/2023:08:38:47 +0200] "POST /webhook/ HTTP/1.1" 200 27 "-" "facebookexternalua"
albert79.alwaysdata.net 2a03:2880:ff:75::face:b00c - - [16/Jun/2023:08:38:48 +0200] "POST /webhook/ HTTP/1.1" 500 265 "-" "facebookexternalua"
albert79.alwaysdata.net 2a03:2880:21ff:12::face:b00c - - [16/Jun/2023:08:38:48 +0200] "POST /webhook/ HTTP/1.1" 500 265 "-" "facebookexternalua"
albert79.alwaysdata.net 2a03:2880:10ff:3::face:b00c - - [16/Jun/2023:08:38:48 +0200] "POST /webhook/ HTTP/1.1" 500 265 "-" "facebookexternalua"
albert79.alwaysdata.net 2a03:2880:20ff:6::face:b00c - - [16/Jun/2023:08:38:48 +0200] "POST /webhook/ HTTP/1.1" 500 265 "-" "facebookexternalua"
albert79.alwaysdata.net 2a03:2880:10ff:77::face:b00c - - [16/Jun/2023:08:38:49 +0200] "POST /webhook/ HTTP/1.1" 500 265 "-" "facebookexternalua"
albert79.alwaysdata.net 2a03:2880:20ff:74::face:b00c - - [16/Jun/2023:08:38:49 +0200] "POST /webhook/ HTTP/1.1" 500 265 "-" "facebookexternalua"
albert79.alwaysdata.net 2a03:2880:10ff::face:b00c - - [16/Jun/2023:08:38:50 +0200] "POST /webhook/ HTTP/1.1" 200 27 "-" "facebookexternalua"
albert79.alwaysdata.net 2a03:2880:20ff:76::face:b00c - - [16/Jun/2023:08:38:50 +0200] "POST /webhook/ HTTP/1.1" 500 265 "-" "facebookexternalua"
albert79.alwaysdata.net 2a03:2880:20ff:7::face:b00c - - [16/Jun/2023:08:38:51 +0200] "POST /webhook/ HTTP/1.1" 500 265 "-" "facebookexternalua"
albert79.alwaysdata.net 2a03:2880:20ff:76::face:b00c - - [16/Jun/2023:08:38:51 +0200] "POST /webhook/ HTTP/1.1" 500 265 "-" "facebookexternalua"
albert79.alwaysdata.net 2a03:2880:10ff:1::face:b00c - - [16/Jun/2023:08:38:51 +0200] "POST /webhook/ HTTP/1.1" 500 265 "-" "facebookexternalua"
albert79.alwaysdata.net 2a03:2880:20ff:4::face:b00c - - [16/Jun/2023:08:38:51 +0200] "POST /webhook/ HTTP/1.1" 500 265 "-" "facebookexternalua"
albert79.alwaysdata.net 2a03:2880:10ff:6::face:b00c - - [16/Jun/2023:08:38:51 +0200] "POST /webhook/ HTTP/1.1" 500 265 "-" "facebookexternalua"
albert79.alwaysdata.net 2a03:2880:20ff:77::face:b00c - - [16/Jun/2023:08:38:52 +0200] "POST /webhook/ HTTP/1.1" 500 265 "-" "facebookexternalua"
albert79.alwaysdata.net 2a03:2880:10ff:9::face:b00c - - [16/Jun/2023:08:38:52 +0200] "POST /webhook/ HTTP/1.1" 500 265 "-" "facebookexternalua"
albert79.alwaysdata.net 2a03:2880:20ff:78::face:b00c - - [16/Jun/2023:08:38:54 +0200] "POST /webhook/ HTTP/1.1" 500 265 "-" "facebookexternalua"
albert79.alwaysdata.net 2a03:2880:10ff:1::face:b00c - - [16/Jun/2023:08:38:54 +0200] "POST /webhook/ HTTP/1.1" 500 265 "-" "facebookexternalua"
albert79.alwaysdata.net 2a03:2880:10ff:f::face:b00c - - [16/Jun/2023:08:38:58 +0200] "POST /webhook/ HTTP/1.1" 500 265 "-" "facebookexternalua"
albert79.alwaysdata.net 2a03:2880:21ff:2::face:b00c - - [16/Jun/2023:08:38:58 +0200] "POST /webhook/ HTTP/1.1" 500 265 "-" "facebookexternalua"
albert79.alwaysdata.net 2a03:2880:ff:6::face:b00c - - [16/Jun/2023:08:38:58 +0200] "POST /webhook/ HTTP/1.1" 500 265 "-" "facebookexternalua"
albert79.alwaysdata.net 2a03:2880:20ff::face:b00c - - [16/Jun/2023:08:39:05 +0200] "POST /webhook/ HTTP/1.1" 500 265 "-" "facebookexternalua"
albert79.alwaysdata.net 2a03:2880:ff:d::face:b00c - - [16/Jun/2023:08:39:06 +0200] "POST /webhook/ HTTP/1.1" 500 265 "-" "facebookexternalua"
albert79.alwaysdata.net 2a03:2880:ff:78::face:b00c - - [16/Jun/2023:08:39:08 +0200] "POST /webhook/ HTTP/1.1" 200 27 "-" "facebookexternalua"
albert79.alwaysdata.net 2a03:2880:21ff:10::face:b00c - - [16/Jun/2023:08:39:08 +0200] "POST /webhook/ HTTP/1.1" 500 265 "-" "facebookexternalua"
albert79.alwaysdata.net 2a03:2880:10ff:5::face:b00c - - [16/Jun/2023:08:39:08 +0200] "POST /webhook/ HTTP/1.1" 500 265 "-" "facebookexternalua"
albert79.alwaysdata.net 2a03:2880:ff:75::face:b00c - - [16/Jun/2023:08:39:09 +0200] "POST /webhook/ HTTP/1.1" 500 265 "-" "facebookexternalua"
albert79.alwaysdata.net 2a03:2880:20ff:77::face:b00c - - [16/Jun/2023:08:39:09 +0200] "POST /webhook/ HTTP/1.1" 500 265 "-" "facebookexternalua"
albert79.alwaysdata.net 2a03:2880:20ff:a::face:b00c - - [16/Jun/2023:08:39:10 +0200] "POST /webhook/ HTTP/1.1" 500 265 "-" "facebookexternalua"
albert79.alwaysdata.net 2a03:2880:ff:d::face:b00c - - [16/Jun/2023:08:39:10 +0200] "POST /webhook/ HTTP/1.1" 500 265 "-" "facebookexternalua"
albert79.alwaysdata.net 2a03:2880:20ff:e::face:b00c - - [16/Jun/2023:08:39:12 +0200] "POST /webhook/ HTTP/1.1" 500 265 "-" "facebookexternalua"
albert79.alwaysdata.net 2a03:2880:ff:a::face:b00c - - [16/Jun/2023:08:39:12 +0200] "POST /webhook/ HTTP/1.1" 500 265 "-" "facebookexternalua"
albert79.alwaysdata.net 2a03:2880:10ff:1::face:b00c - - [16/Jun/2023:08:39:15 +0200] "POST /webhook/ HTTP/1.1" 500 265 "-" "facebookexternalua"
albert79.alwaysdata.net 2a03:2880:20ff:3::face:b00c - - [16/Jun/2023:08:39:16 +0200] "POST /webhook/ HTTP/1.1" 500 265 "-" "facebookexternalua"
albert79.alwaysdata.net 2a03:2880:20ff:75::face:b00c - - [16/Jun/2023:08:39:18 +0200] "POST /webhook/ HTTP/1.1" 500 265 "-" "facebookexternalua"
albert79.alwaysdata.net 2a03:2880:10ff:1::face:b00c - - [16/Jun/2023:08:39:21 +0200] "POST /webhook/ HTTP/1.1" 500 265 "-" "facebookexternalua"
albert79.alwaysdata.net 2a03:2880:ff:b::face:b00c - - [16/Jun/2023:08:39:35 +0200] "POST /webhook/ HTTP/1.1" 500 265 "-" "facebookexternalua"
albert79.alwaysdata.net 2a03:2880:20ff:c::face:b00c - - [16/Jun/2023:08:39:37 +0200] "POST /webhook/ HTTP/1.1" 500 265 "-" "facebookexternalua"
albert79.alwaysdata.net 2a03:2880:ff::face:b00c - - [16/Jun/2023:08:40:08 +0200] "POST /webhook/ HTTP/1.1" 200 27 "-" "facebookexternalua"
albert79.alwaysdata.net 2a03:2880:10ff:78::face:b00c - - [16/Jun/2023:08:40:09 +0200] "POST /webhook/ HTTP/1.1" 500 265 "-" "facebookexternalua"
albert79.alwaysdata.net 2a03:2880:ff:d::face:b00c - - [16/Jun/2023:08:40:09 +0200] "POST /webhook/ HTTP/1.1" 500 265 "-" "facebookexternalua"
albert79.alwaysdata.net 2a03:2880:10ff::face:b00c - - [16/Jun/2023:08:40:09 +0200] "POST /webhook/ HTTP/1.1" 500 265 "-" "facebookexternalua"
albert79.alwaysdata.net 2a03:2880:10ff:8::face:b00c - - [16/Jun/2023:08:40:09 +0200] "POST /webhook/ HTTP/1.1" 500 265 "-" "facebookexternalua"
albert79.alwaysdata.net 2a03:2880:10ff:78::face:b00c - - [16/Jun/2023:08:40:10 +0200] "POST /webhook/ HTTP/1.1" 500 265 "-" "facebookexternalua"
albert79.alwaysdata.net 2a03:2880:21ff:14::face:b00c - - [16/Jun/2023:08:40:10 +0200] "POST /webhook/ HTTP/1.1" 500 265 "-" "facebookexternalua"
albert79.alwaysdata.net 2a03:2880:21ff:11::face:b00c - - [16/Jun/2023:08:40:11 +0200] "POST /webhook/ HTTP/1.1" 500 265 "-" "facebookexternalua"
albert79.alwaysdata.net 2a03:2880:10ff:7::face:b00c - - [16/Jun/2023:08:40:12 +0200] "POST /webhook/ HTTP/1.1" 500 265 "-" "facebookexternalua"
albert79.alwaysdata.net 2a03:2880:21ff:11::face:b00c - - [16/Jun/2023:08:40:13 +0200] "POST /webhook/ HTTP/1.1" 500 265 "-" "facebookexternalua"
albert79.alwaysdata.net 2a03:2880:10ff:b::face:b00c - - [16/Jun/2023:08:40:36 +0200] "POST /webhook/ HTTP/1.1" 500 265 "-" "facebookexternalua"
albert79.alwaysdata.net 2a03:2880:21ff:d::face:b00c - - [16/Jun/2023:08:40:38 +0200] "POST /webhook/ HTTP/1.1" 500 265 "-" "facebookexternalua"
albert79.alwaysdata.net 2a03:2880:20ff:78::face:b00c - - [16/Jun/2023:08:41:43 +0200] "POST /webhook/ HTTP/1.1" 200 27 "-" "facebookexternalua"
albert79.alwaysdata.net 2a03:2880:10ff:9::face:b00c - - [16/Jun/2023:08:41:44 +0200] "POST /webhook/ HTTP/1.1" 500 265 "-" "facebookexternalua"
albert79.alwaysdata.net 2a03:2880:20ff:3::face:b00c - - [16/Jun/2023:08:41:44 +0200] "POST /webhook/ HTTP/1.1" 500 265 "-" "facebookexternalua"
albert79.alwaysdata.net 2a03:2880:10ff:9::face:b00c - - [16/Jun/2023:08:41:45 +0200] "POST /webhook/ HTTP/1.1" 500 265 "-" "facebookexternalua"
albert79.alwaysdata.net 2a03:2880:10ff:4::face:b00c - - [16/Jun/2023:08:41:45 +0200] "POST /webhook/ HTTP/1.1" 500 265 "-" "facebookexternalua"
albert79.alwaysdata.net 2a03:2880:10ff:9::face:b00c - - [16/Jun/2023:08:41:45 +0200] "POST /webhook/ HTTP/1.1" 500 265 "-" "facebookexternalua"
albert79.alwaysdata.net 2a03:2880:10ff:9::face:b00c - - [16/Jun/2023:08:41:45 +0200] "POST /webhook/ HTTP/1.1" 500 265 "-" "facebookexternalua"
albert79.alwaysdata.net 2a03:2880:10ff:d::face:b00c - - [16/Jun/2023:08:41:47 +0200] "POST /webhook/ HTTP/1.1" 500 265 "-" "facebookexternalua"
albert79.alwaysdata.net 2a03:2880:10ff:6::face:b00c - - [16/Jun/2023:08:41:47 +0200] "POST /webhook/ HTTP/1.1" 500 265 "-" "facebookexternalua"
albert79.alwaysdata.net 2a03:2880:10ff:76::face:b00c - - [16/Jun/2023:08:42:12 +0200] "POST /webhook/ HTTP/1.1" 500 265 "-" "facebookexternalua"
albert79.alwaysdata.net 2a03:2880:10ff:75::face:b00c - - [16/Jun/2023:08:42:13 +0200] "POST /webhook/ HTTP/1.1" 500 265 "-" "facebookexternalua"
albert79.alwaysdata.net 2a03:2880:21ff:2::face:b00c - - [16/Jun/2023:08:42:41 +0200] "POST /webhook/ HTTP/1.1" 200 27 "-" "facebookexternalua"
albert79.alwaysdata.net 2a03:2880:20ff:d::face:b00c - - [16/Jun/2023:08:42:42 +0200] "POST /webhook/ HTTP/1.1" 500 265 "-" "facebookexternalua"
albert79.alwaysdata.net 2a03:2880:ff:5::face:b00c - - [16/Jun/2023:08:42:42 +0200] "POST /webhook/ HTTP/1.1" 500 265 "-" "facebookexternalua"
albert79.alwaysdata.net 2a03:2880:21ff:3::face:b00c - - [16/Jun/2023:08:42:43 +0200] "POST /webhook/ HTTP/1.1" 500 265 "-" "facebookexternalua"
albert79.alwaysdata.net 2a03:2880:10ff:2::face:b00c - - [16/Jun/2023:08:42:43 +0200] "POST /webhook/ HTTP/1.1" 500 265 "-" "facebookexternalua"
albert79.alwaysdata.net 2a03:2880:21ff:7::face:b00c - - [16/Jun/2023:08:42:44 +0200] "POST /webhook/ HTTP/1.1" 500 265 "-" "facebookexternalua"
albert79.alwaysdata.net 2a03:2880:10ff:7::face:b00c - - [16/Jun/2023:08:42:44 +0200] "POST /webhook/ HTTP/1.1" 500 265 "-" "facebookexternalua"
albert79.alwaysdata.net 2a03:2880:21ff:10::face:b00c - - [16/Jun/2023:08:42:46 +0200] "POST /webhook/ HTTP/1.1" 500 265 "-" "facebookexternalua"
albert79.alwaysdata.net 2a03:2880:10ff:9::face:b00c - - [16/Jun/2023:08:42:46 +0200] "POST /webhook/ HTTP/1.1" 500 265 "-" "facebookexternalua"
albert79.alwaysdata.net 2a03:2880:10ff:74::face:b00c - - [16/Jun/2023:08:43:10 +0200] "POST /webhook/ HTTP/1.1" 500 265 "-" "facebookexternalua"
albert79.alwaysdata.net 2a03:2880:21ff:7::face:b00c - - [16/Jun/2023:08:43:12 +0200] "POST /webhook/ HTTP/1.1" 500 265 "-" "facebookexternalua"
albert79.alwaysdata.net 2a03:2880:21ff:75::face:b00c - - [16/Jun/2023:08:43:46 +0200] "POST /webhook/ HTTP/1.1" 500 265 "-" "facebookexternalua"
albert79.alwaysdata.net 2a03:2880:20ff:5::face:b00c - - [16/Jun/2023:08:44:08 +0200] "POST /webhook/ HTTP/1.1" 500 265 "-" "facebookexternalua"
albert79.alwaysdata.net 2a03:2880:10ff:78::face:b00c - - [16/Jun/2023:08:44:13 +0200] "POST /webhook/ HTTP/1.1" 500 265 "-" "facebookexternalua"
albert79.alwaysdata.net 2a03:2880:21ff:2::face:b00c - - [16/Jun/2023:08:44:19 +0200] "POST /webhook/ HTTP/1.1" 500 265 "-" "facebookexternalua"
albert79.alwaysdata.net 2a03:2880:21ff:e::face:b00c - - [16/Jun/2023:08:44:29 +0200] "POST /webhook/ HTTP/1.1" 500 265 "-" "facebookexternalua"
albert79.alwaysdata.net 2a03:2880:10ff:78::face:b00c - - [16/Jun/2023:08:44:34 +0200] "POST /webhook/ HTTP/1.1" 500 265 "-" "facebookexternalua"
albert79.alwaysdata.net 2a03:2880:21ff:6::face:b00c - - [16/Jun/2023:08:44:48 +0200] "POST /webhook/ HTTP/1.1" 500 265 "-" "facebookexternalua"
albert79.alwaysdata.net 2a03:2880:20ff:e::face:b00c - - [16/Jun/2023:08:45:12 +0200] "POST /webhook/ HTTP/1.1" 500 265 "-" "facebookexternalua"
albert79.alwaysdata.net 2a03:2880:10ff:74::face:b00c - - [16/Jun/2023:08:45:12 +0200] "POST /webhook/ HTTP/1.1" 500 265 "-" "facebookexternalua"
albert79.alwaysdata.net 2a03:2880:ff:78::face:b00c - - [16/Jun/2023:08:45:17 +0200] "POST /webhook/ HTTP/1.1" 500 265 "-" "facebookexternalua"
albert79.alwaysdata.net 2a03:2880:10ff::face:b00c - - [16/Jun/2023:08:45:19 +0200] "POST /webhook/ HTTP/1.1" 500 265 "-" "facebookexternalua"
albert79.alwaysdata.net 2a03:2880:20ff:c::face:b00c - - [16/Jun/2023:08:45:39 +0200] "POST /webhook/ HTTP/1.1" 500 265 "-" "facebookexternalua"
albert79.alwaysdata.net 2a03:2880:10ff:a::face:b00c - - [16/Jun/2023:08:45:40 +0200] "POST /webhook/ HTTP/1.1" 500 265 "-" "facebookexternalua"
albert79.alwaysdata.net 2a03:2880:20ff:2::face:b00c - - [16/Jun/2023:08:45:43 +0200] "POST /webhook/ HTTP/1.1" 500 265 "-" "facebookexternalua"
albert79.alwaysdata.net 2a03:2880:10ff:4::face:b00c - - [16/Jun/2023:08:45:45 +0200] "POST /webhook/ HTTP/1.1" 500 265 "-" "facebookexternalua"
albert79.alwaysdata.net 2a03:2880:21ff:2::face:b00c - - [16/Jun/2023:08:45:53 +0200] "POST /webhook/ HTTP/1.1" 500 265 "-" "facebookexternalua"
albert79.alwaysdata.net 2a03:2880:ff:76::face:b00c - - [16/Jun/2023:08:45:56 +0200] "POST /webhook/ HTTP/1.1" 500 265 "-" "facebookexternalua"
albert79.alwaysdata.net 2a03:2880:21ff:b::face:b00c - - [16/Jun/2023:08:46:07 +0200] "POST /webhook/ HTTP/1.1" 500 265 "-" "facebookexternalua"
albert79.alwaysdata.net 2a03:2880:20ff:f::face:b00c - - [16/Jun/2023:08:46:19 +0200] "POST /webhook/ HTTP/1.1" 500 265 "-" "facebookexternalua"
albert79.alwaysdata.net 2a03:2880:10ff:1::face:b00c - - [16/Jun/2023:08:46:30 +0200] "POST /webhook/ HTTP/1.1" 500 265 "-" "facebookexternalua"
albert79.alwaysdata.net 2a03:2880:ff:5::face:b00c - - [16/Jun/2023:08:46:41 +0200] "POST /webhook/ HTTP/1.1" 500 265 "-" "facebookexternalua"
albert79.alwaysdata.net 2a03:2880:20ff:1::face:b00c - - [16/Jun/2023:08:46:42 +0200] "POST /webhook/ HTTP/1.1" 500 265 "-" "facebookexternalua"
albert79.alwaysdata.net 2a03:2880:21ff:14::face:b00c - - [16/Jun/2023:08:47:19 +0200] "POST /webhook/ HTTP/1.1" 500 265 "-" "facebookexternalua"
albert79.alwaysdata.net 2a03:2880:10ff:1::face:b00c - - [16/Jun/2023:08:49:02 +0200] "POST /webhook/ HTTP/1.1" 500 265 "-" "facebookexternalua"
albert79.alwaysdata.net 2a03:2880:21ff:b::face:b00c - - [16/Jun/2023:08:49:14 +0200] "POST /webhook/ HTTP/1.1" 500 265 "-" "facebookexternalua"
albert79.alwaysdata.net 2a03:2880:21ff:74::face:b00c - - [16/Jun/2023:08:49:14 +0200] "POST /webhook/ HTTP/1.1" 500 265 "-" "facebookexternalua"
albert79.alwaysdata.net 2a03:2880:10ff:a::face:b00c - - [16/Jun/2023:08:49:15 +0200] "POST /webhook/ HTTP/1.1" 500 265 "-" "facebookexternalua"
albert79.alwaysdata.net 2a03:2880:20ff:a::face:b00c - - [16/Jun/2023:08:49:15 +0200] "POST /webhook/ HTTP/1.1" 500 265 "-" "facebookexternalua"
albert79.alwaysdata.net 2a03:2880:ff:78::face:b00c - - [16/Jun/2023:08:49:15 +0200] "POST /webhook/ HTTP/1.1" 500 265 "-" "facebookexternalua"
albert79.alwaysdata.net 2a03:2880:20ff:3::face:b00c - - [16/Jun/2023:08:49:16 +0200] "POST /webhook/ HTTP/1.1" 500 265 "-" "facebookexternalua"
albert79.alwaysdata.net 2a03:2880:ff:2::face:b00c - - [16/Jun/2023:08:49:16 +0200] "POST /webhook/ HTTP/1.1" 500 265 "-" "facebookexternalua"
albert79.alwaysdata.net 2a03:2880:20ff:f::face:b00c - - [16/Jun/2023:08:49:18 +0200] "POST /webhook/ HTTP/1.1" 500 265 "-" "facebookexternalua"
albert79.alwaysdata.net 2a03:2880:ff:74::face:b00c - - [16/Jun/2023:08:49:19 +0200] "POST /webhook/ HTTP/1.1" 500 265 "-" "facebookexternalua"
albert79.alwaysdata.net 2a03:2880:21ff::face:b00c - - [16/Jun/2023:08:49:34 +0200] "POST /webhook/ HTTP/1.1" 500 265 "-" "facebookexternalua"
albert79.alwaysdata.net 2a03:2880:20ff:f::face:b00c - - [16/Jun/2023:08:49:44 +0200] "POST /webhook/ HTTP/1.1" 500 265 "-" "facebookexternalua"
albert79.alwaysdata.net 2a03:2880:ff:6::face:b00c - - [16/Jun/2023:08:49:47 +0200] "POST /webhook/ HTTP/1.1" 500 265 "-" "facebookexternalua"
albert79.alwaysdata.net 2a03:2880:10ff:a::face:b00c - - [16/Jun/2023:08:49:52 +0200] "POST /webhook/ HTTP/1.1" 500 265 "-" "facebookexternalua"
albert79.alwaysdata.net 2a03:2880:ff:c::face:b00c - - [16/Jun/2023:08:52:47 +0200] "POST /webhook/ HTTP/1.1" 200 27 "-" "facebookexternalua"
albert79.alwaysdata.net 2a03:2880:10ff:4::face:b00c - - [16/Jun/2023:08:52:48 +0200] "POST /webhook/ HTTP/1.1" 500 265 "-" "facebookexternalua"
albert79.alwaysdata.net 2a03:2880:20ff:5::face:b00c - - [16/Jun/2023:08:52:48 +0200] "POST /webhook/ HTTP/1.1" 500 265 "-" "facebookexternalua"
albert79.alwaysdata.net 2a03:2880:ff:2::face:b00c - - [16/Jun/2023:08:52:48 +0200] "POST /webhook/ HTTP/1.1" 500 265 "-" "facebookexternalua"
albert79.alwaysdata.net 2a03:2880:ff:3::face:b00c - - [16/Jun/2023:08:52:48 +0200] "POST /webhook/ HTTP/1.1" 500 265 "-" "facebookexternalua"
albert79.alwaysdata.net 2a03:2880:21ff:16::face:b00c - - [16/Jun/2023:08:52:49 +0200] "POST /webhook/ HTTP/1.1" 500 265 "-" "facebookexternalua"
albert79.alwaysdata.net 2a03:2880:20ff:74::face:b00c - - [16/Jun/2023:08:52:49 +0200] "POST /webhook/ HTTP/1.1" 500 265 "-" "facebookexternalua"
albert79.alwaysdata.net 2a03:2880:ff:2::face:b00c - - [16/Jun/2023:08:52:49 +0200] "POST /webhook/ HTTP/1.1" 500 265 "-" "facebookexternalua"
albert79.alwaysdata.net 2a03:2880:21ff:f::face:b00c - - [16/Jun/2023:08:52:49 +0200] "POST /webhook/ HTTP/1.1" 500 265 "-" "facebookexternalua"
albert79.alwaysdata.net 2a03:2880:20ff:7::face:b00c - - [16/Jun/2023:08:52:49 +0200] "POST /webhook/ HTTP/1.1" 500 265 "-" "facebookexternalua"
albert79.alwaysdata.net 2a03:2880:20ff:8::face:b00c - - [16/Jun/2023:08:52:52 +0200] "POST /webhook/ HTTP/1.1" 500 265 "-" "facebookexternalua"
albert79.alwaysdata.net 2a03:2880:ff:5::face:b00c - - [16/Jun/2023:08:52:52 +0200] "POST /webhook/ HTTP/1.1" 500 265 "-" "facebookexternalua"
albert79.alwaysdata.net 2a03:2880:21ff:a::face:b00c - - [16/Jun/2023:08:52:52 +0200] "POST /webhook/ HTTP/1.1" 500 265 "-" "facebookexternalua"
albert79.alwaysdata.net 2a03:2880:ff:75::face:b00c - - [16/Jun/2023:08:52:54 +0200] "POST /webhook/ HTTP/1.1" 200 27 "-" "facebookexternalua"
albert79.alwaysdata.net 2a03:2880:20ff:2::face:b00c - - [16/Jun/2023:08:52:55 +0200] "POST /webhook/ HTTP/1.1" 500 265 "-" "facebookexternalua"
albert79.alwaysdata.net 2a03:2880:ff:77::face:b00c - - [16/Jun/2023:08:52:55 +0200] "POST /webhook/ HTTP/1.1" 500 265 "-" "facebookexternalua"
albert79.alwaysdata.net 2a03:2880:10ff:5::face:b00c - - [16/Jun/2023:08:52:55 +0200] "POST /webhook/ HTTP/1.1" 500 265 "-" "facebookexternalua"
albert79.alwaysdata.net 2a03:2880:ff:77::face:b00c - - [16/Jun/2023:08:52:56 +0200] "POST /webhook/ HTTP/1.1" 500 265 "-" "facebookexternalua"
albert79.alwaysdata.net 2a03:2880:10ff:3::face:b00c - - [16/Jun/2023:08:52:56 +0200] "POST /webhook/ HTTP/1.1" 500 265 "-" "facebookexternalua"
albert79.alwaysdata.net 2a03:2880:ff:1::face:b00c - - [16/Jun/2023:08:52:56 +0200] "POST /webhook/ HTTP/1.1" 500 265 "-" "facebookexternalua"
albert79.alwaysdata.net 2a03:2880:10ff:78::face:b00c - - [16/Jun/2023:08:52:58 +0200] "POST /webhook/ HTTP/1.1" 500 265 "-" "facebookexternalua"
albert79.alwaysdata.net 2a03:2880:ff:2::face:b00c - - [16/Jun/2023:08:52:59 +0200] "POST /webhook/ HTTP/1.1" 500 265 "-" "facebookexternalua"
albert79.alwaysdata.net 2a03:2880:10ff:c::face:b00c - - [16/Jun/2023:08:53:16 +0200] "POST /webhook/ HTTP/1.1" 200 27 "-" "facebookexternalua"
albert79.alwaysdata.net 2a03:2880:21ff:4::face:b00c - - [16/Jun/2023:08:53:17 +0200] "POST /webhook/ HTTP/1.1" 500 265 "-" "facebookexternalua"
albert79.alwaysdata.net 2a03:2880:10ff:2::face:b00c - - [16/Jun/2023:08:53:17 +0200] "POST /webhook/ HTTP/1.1" 500 265 "-" "facebookexternalua"
albert79.alwaysdata.net 2a03:2880:20ff:a::face:b00c - - [16/Jun/2023:08:53:18 +0200] "POST /webhook/ HTTP/1.1" 500 265 "-" "facebookexternalua"
albert79.alwaysdata.net 2a03:2880:10ff:78::face:b00c - - [16/Jun/2023:08:53:18 +0200] "POST /webhook/ HTTP/1.1" 500 265 "-" "facebookexternalua"
albert79.alwaysdata.net 2a03:2880:21ff:75::face:b00c - - [16/Jun/2023:08:53:18 +0200] "POST /webhook/ HTTP/1.1" 500 265 "-" "facebookexternalua"
albert79.alwaysdata.net 2a03:2880:ff:77::face:b00c - - [16/Jun/2023:08:53:18 +0200] "POST /webhook/ HTTP/1.1" 500 265 "-" "facebookexternalua"
albert79.alwaysdata.net 2a03:2880:ff:4::face:b00c - - [16/Jun/2023:08:53:18 +0200] "POST /webhook/ HTTP/1.1" 500 265 "-" "facebookexternalua"
albert79.alwaysdata.net 2a03:2880:10ff:4::face:b00c - - [16/Jun/2023:08:53:18 +0200] "POST /webhook/ HTTP/1.1" 500 265 "-" "facebookexternalua"
albert79.alwaysdata.net 2a03:2880:ff:78::face:b00c - - [16/Jun/2023:08:53:19 +0200] "POST /webhook/ HTTP/1.1" 500 265 "-" "facebookexternalua"
albert79.alwaysdata.net 2a03:2880:10ff:77::face:b00c - - [16/Jun/2023:08:53:21 +0200] "POST /webhook/ HTTP/1.1" 500 265 "-" "facebookexternalua"
albert79.alwaysdata.net 2a03:2880:ff:d::face:b00c - - [16/Jun/2023:08:53:21 +0200] "POST /webhook/ HTTP/1.1" 500 265 "-" "facebookexternalua"
albert79.alwaysdata.net 2a03:2880:10ff:7::face:b00c - - [16/Jun/2023:08:53:25 +0200] "POST /webhook/ HTTP/1.1" 500 265 "-" "facebookexternalua"
albert79.alwaysdata.net 2a03:2880:ff:f::face:b00c - - [16/Jun/2023:08:53:26 +0200] "POST /webhook/ HTTP/1.1" 500 265 "-" "facebookexternalua"
albert79.alwaysdata.net 2a03:2880:10ff:4::face:b00c - - [16/Jun/2023:08:53:27 +0200] "POST /webhook/ HTTP/1.1" 200 27 "-" "facebookexternalua"
albert79.alwaysdata.net 2a03:2880:21ff:e::face:b00c - - [16/Jun/2023:08:53:28 +0200] "POST /webhook/ HTTP/1.1" 500 265 "-" "facebookexternalua"
albert79.alwaysdata.net 2a03:2880:21ff:9::face:b00c - - [16/Jun/2023:08:53:28 +0200] "POST /webhook/ HTTP/1.1" 500 265 "-" "facebookexternalua"
albert79.alwaysdata.net 2a03:2880:21ff:c::face:b00c - - [16/Jun/2023:08:53:28 +0200] "POST /webhook/ HTTP/1.1" 500 265 "-" "facebookexternalua"
albert79.alwaysdata.net 2a03:2880:21ff:76::face:b00c - - [16/Jun/2023:08:53:29 +0200] "POST /webhook/ HTTP/1.1" 500 265 "-" "facebookexternalua"
albert79.alwaysdata.net 2a03:2880:21ff:1::face:b00c - - [16/Jun/2023:08:53:29 +0200] "POST /webhook/ HTTP/1.1" 500 265 "-" "facebookexternalua"
albert79.alwaysdata.net 2a03:2880:20ff:75::face:b00c - - [16/Jun/2023:08:53:29 +0200] "POST /webhook/ HTTP/1.1" 500 265 "-" "facebookexternalua"
albert79.alwaysdata.net 2a03:2880:21ff:9::face:b00c - - [16/Jun/2023:08:53:29 +0200] "POST /webhook/ HTTP/1.1" 500 265 "-" "facebookexternalua"
albert79.alwaysdata.net 2a03:2880:21ff:7::face:b00c - - [16/Jun/2023:08:53:30 +0200] "POST /webhook/ HTTP/1.1" 500 265 "-" "facebookexternalua"
albert79.alwaysdata.net 2a03:2880:20ff:2::face:b00c - - [16/Jun/2023:08:53:30 +0200] "POST /webhook/ HTTP/1.1" 500 265 "-" "facebookexternalua"
albert79.alwaysdata.net 2a03:2880:21ff:6::face:b00c - - [16/Jun/2023:08:53:31 +0200] "POST /webhook/ HTTP/1.1" 500 265 "-" "facebookexternalua"
albert79.alwaysdata.net 2a03:2880:21ff:2::face:b00c - - [16/Jun/2023:08:53:32 +0200] "POST /webhook/ HTTP/1.1" 500 265 "-" "facebookexternalua"
albert79.alwaysdata.net 2a03:2880:20ff::face:b00c - - [16/Jun/2023:08:53:32 +0200] "POST /webhook/ HTTP/1.1" 500 265 "-" "facebookexternalua"
albert79.alwaysdata.net 2a03:2880:10ff:4::face:b00c - - [16/Jun/2023:08:53:47 +0200] "POST /webhook/ HTTP/1.1" 500 265 "-" "facebookexternalua"
albert79.alwaysdata.net 2a03:2880:ff:7::face:b00c - - [16/Jun/2023:08:53:48 +0200] "POST /webhook/ HTTP/1.1" 500 265 "-" "facebookexternalua"
albert79.alwaysdata.net 2a03:2880:21ff:3::face:b00c - - [16/Jun/2023:08:53:55 +0200] "POST /webhook/ HTTP/1.1" 500 265 "-" "facebookexternalua"
albert79.alwaysdata.net 2a03:2880:21ff:15::face:b00c - - [16/Jun/2023:08:53:55 +0200] "POST /webhook/ HTTP/1.1" 500 265 "-" "facebookexternalua"
albert79.alwaysdata.net 2a03:2880:20ff:6::face:b00c - - [16/Jun/2023:08:53:55 +0200] "POST /webhook/ HTTP/1.1" 500 265 "-" "facebookexternalua"
albert79.alwaysdata.net 2a03:2880:20ff:77::face:b00c - - [16/Jun/2023:08:55:50 +0200] "POST /webhook/ HTTP/1.1" 500 265 "-" "facebookexternalua"
albert79.alwaysdata.net 2a03:2880:10ff:76::face:b00c - - [16/Jun/2023:08:55:53 +0200] "POST /webhook/ HTTP/1.1" 200 27 "-" "facebookexternalua"
albert79.alwaysdata.net 2a03:2880:21ff:8::face:b00c - - [16/Jun/2023:08:55:54 +0200] "POST /webhook/ HTTP/1.1" 500 265 "-" "facebookexternalua"
albert79.alwaysdata.net 2a03:2880:20ff:d::face:b00c - - [16/Jun/2023:08:55:54 +0200] "POST /webhook/ HTTP/1.1" 500 265 "-" "facebookexternalua"
albert79.alwaysdata.net 2a03:2880:20ff:7::face:b00c - - [16/Jun/2023:08:55:55 +0200] "POST /webhook/ HTTP/1.1" 500 265 "-" "facebookexternalua"
albert79.alwaysdata.net 2a03:2880:21ff:d::face:b00c - - [16/Jun/2023:08:55:55 +0200] "POST /webhook/ HTTP/1.1" 500 265 "-" "facebookexternalua"
albert79.alwaysdata.net 2a03:2880:20ff:8::face:b00c - - [16/Jun/2023:08:55:55 +0200] "POST /webhook/ HTTP/1.1" 500 265 "-" "facebookexternalua"
albert79.alwaysdata.net 2a03:2880:21ff:14::face:b00c - - [16/Jun/2023:08:55:55 +0200] "POST /webhook/ HTTP/1.1" 500 265 "-" "facebookexternalua"
albert79.alwaysdata.net 2a03:2880:21ff:6::face:b00c - - [16/Jun/2023:08:55:57 +0200] "POST /webhook/ HTTP/1.1" 500 265 "-" "facebookexternalua"
albert79.alwaysdata.net 2a03:2880:20ff:76::face:b00c - - [16/Jun/2023:08:55:57 +0200] "POST /webhook/ HTTP/1.1" 500 265 "-" "facebookexternalua"
albert79.alwaysdata.net 2a03:2880:ff:5::face:b00c - - [16/Jun/2023:08:56:09 +0200] "POST /webhook/ HTTP/1.1" 500 265 "-" "facebookexternalua"
albert79.alwaysdata.net 2a03:2880:20ff:1::face:b00c - - [16/Jun/2023:08:56:22 +0200] "POST /webhook/ HTTP/1.1" 500 265 "-" "facebookexternalua"
albert79.alwaysdata.net 2a03:2880:21ff:7::face:b00c - - [16/Jun/2023:08:56:24 +0200] "POST /webhook/ HTTP/1.1" 500 265 "-" "facebookexternalua"
albert79.alwaysdata.net 2a03:2880:20ff:5::face:b00c - - [16/Jun/2023:08:56:28 +0200] "POST /webhook/ HTTP/1.1" 200 27 "-" "facebookexternalua"
albert79.alwaysdata.net 2a03:2880:10ff:5::face:b00c - - [16/Jun/2023:08:56:29 +0200] "POST /webhook/ HTTP/1.1" 500 265 "-" "facebookexternalua"
albert79.alwaysdata.net 2a03:2880:ff:75::face:b00c - - [16/Jun/2023:08:56:29 +0200] "POST /webhook/ HTTP/1.1" 500 265 "-" "facebookexternalua"
albert79.alwaysdata.net 2a03:2880:21ff:a::face:b00c - - [16/Jun/2023:08:56:29 +0200] "POST /webhook/ HTTP/1.1" 500 265 "-" "facebookexternalua"
albert79.alwaysdata.net 2a03:2880:21ff:74::face:b00c - - [16/Jun/2023:08:56:29 +0200] "POST /webhook/ HTTP/1.1" 500 265 "-" "facebookexternalua"
albert79.alwaysdata.net 2a03:2880:21ff:9::face:b00c - - [16/Jun/2023:08:56:31 +0200] "POST /webhook/ HTTP/1.1" 500 265 "-" "facebookexternalua"
albert79.alwaysdata.net 2a03:2880:21ff:6::face:b00c - - [16/Jun/2023:08:56:31 +0200] "POST /webhook/ HTTP/1.1" 500 265 "-" "facebookexternalua"
albert79.alwaysdata.net 2a03:2880:21ff:8::face:b00c - - [16/Jun/2023:08:56:33 +0200] "POST /webhook/ HTTP/1.1" 500 265 "-" "facebookexternalua"
albert79.alwaysdata.net 2a03:2880:21ff:2::face:b00c - - [16/Jun/2023:08:56:33 +0200] "POST /webhook/ HTTP/1.1" 500 265 "-" "facebookexternalua"
albert79.alwaysdata.net 2a03:2880:21ff:12::face:b00c - - [16/Jun/2023:08:56:34 +0200] "POST /webhook/ HTTP/1.1" 500 265 "-" "facebookexternalua"
albert79.alwaysdata.net 2a03:2880:20ff:f::face:b00c - - [16/Jun/2023:08:56:34 +0200] "POST /webhook/ HTTP/1.1" 500 265 "-" "facebookexternalua"
albert79.alwaysdata.net 2a03:2880:20ff:d::face:b00c - - [16/Jun/2023:08:56:35 +0200] "POST /webhook/ HTTP/1.1" 500 265 "-" "facebookexternalua"
albert79.alwaysdata.net 2a03:2880:20ff:78::face:b00c - - [16/Jun/2023:08:56:37 +0200] "POST /webhook/ HTTP/1.1" 500 265 "-" "facebookexternalua"
albert79.alwaysdata.net 2a03:2880:21ff:c::face:b00c - - [16/Jun/2023:08:56:59 +0200] "POST /webhook/ HTTP/1.1" 500 265 "-" "facebookexternalua"
albert79.alwaysdata.net 2a03:2880:21ff:7::face:b00c - - [16/Jun/2023:08:56:59 +0200] "POST /webhook/ HTTP/1.1" 500 265 "-" "facebookexternalua"
albert79.alwaysdata.net 2a03:2880:20ff:4::face:b00c - - [16/Jun/2023:08:57:01 +0200] "POST /webhook/ HTTP/1.1" 500 265 "-" "facebookexternalua"
albert79.alwaysdata.net 2a03:2880:21ff:2::face:b00c - - [16/Jun/2023:08:59:16 +0200] "POST /webhook/ HTTP/1.1" 500 265 "-" "facebookexternalua"
albert79.alwaysdata.net 2a03:2880:20ff:78::face:b00c - - [16/Jun/2023:08:59:48 +0200] "POST /webhook/ HTTP/1.1" 500 265 "-" "facebookexternalua"
albert79.alwaysdata.net 2a03:2880:ff:e::face:b00c - - [16/Jun/2023:08:59:48 +0200] "POST /webhook/ HTTP/1.1" 500 265 "-" "facebookexternalua"
albert79.alwaysdata.net 2a03:2880:ff:75::face:b00c - - [16/Jun/2023:08:59:55 +0200] "POST /webhook/ HTTP/1.1" 500 265 "-" "facebookexternalua"
albert79.alwaysdata.net 2a03:2880:21ff:71::face:b00c - - [16/Jun/2023:09:00:01 +0200] "POST /webhook/ HTTP/1.1" 500 265 "-" "facebookexternalua"
albert79.alwaysdata.net 2a03:2880:21ff:77::face:b00c - - [16/Jun/2023:09:00:01 +0200] "POST /webhook/ HTTP/1.1" 500 265 "-" "facebookexternalua"
albert79.alwaysdata.net 2a03:2880:10ff:4::face:b00c - - [16/Jun/2023:09:00:10 +0200] "POST /webhook/ HTTP/1.1" 500 265 "-" "facebookexternalua"
albert79.alwaysdata.net 2a03:2880:10ff:3::face:b00c - - [16/Jun/2023:09:00:11 +0200] "POST /webhook/ HTTP/1.1" 500 265 "-" "facebookexternalua"
albert79.alwaysdata.net 2a03:2880:ff:11::face:b00c - - [16/Jun/2023:09:00:40 +0200] "POST /webhook/ HTTP/1.1" 500 265 "-" "facebookexternalua"
albert79.alwaysdata.net 2a03:2880:20ff:7::face:b00c - - [16/Jun/2023:09:00:48 +0200] "POST /webhook/ HTTP/1.1" 200 27 "-" "facebookexternalua"
albert79.alwaysdata.net 2a03:2880:10ff:1::face:b00c - - [16/Jun/2023:09:00:49 +0200] "POST /webhook/ HTTP/1.1" 500 265 "-" "facebookexternalua"
albert79.alwaysdata.net 2a03:2880:10ff:d::face:b00c - - [16/Jun/2023:09:00:49 +0200] "POST /webhook/ HTTP/1.1" 500 265 "-" "facebookexternalua"
albert79.alwaysdata.net 2a03:2880:10ff:c::face:b00c - - [16/Jun/2023:09:00:49 +0200] "POST /webhook/ HTTP/1.1" 500 265 "-" "facebookexternalua"
albert79.alwaysdata.net 2a03:2880:20ff:1::face:b00c - - [16/Jun/2023:09:00:49 +0200] "POST /webhook/ HTTP/1.1" 500 265 "-" "facebookexternalua"
albert79.alwaysdata.net 2a03:2880:20ff:74::face:b00c - - [16/Jun/2023:09:00:49 +0200] "POST /webhook/ HTTP/1.1" 500 265 "-" "facebookexternalua"
albert79.alwaysdata.net 2a03:2880:10ff:c::face:b00c - - [16/Jun/2023:09:00:49 +0200] "POST /webhook/ HTTP/1.1" 500 265 "-" "facebookexternalua"
albert79.alwaysdata.net 2a03:2880:20ff:c::face:b00c - - [16/Jun/2023:09:00:50 +0200] "POST /webhook/ HTTP/1.1" 500 265 "-" "facebookexternalua"
albert79.alwaysdata.net 2a03:2880:f012:d5:face:b00c:0:619a - - [16/Jun/2023:09:00:50 +0200] "POST /webhook/ HTTP/1.1" 500 265 "-" "facebookexternalua"
albert79.alwaysdata.net 2a03:2880:10ff:c::face:b00c - - [16/Jun/2023:09:00:50 +0200] "POST /webhook/ HTTP/1.1" 500 265 "-" "facebookexternalua"
albert79.alwaysdata.net 2a03:2880:20ff:1::face:b00c - - [16/Jun/2023:09:00:52 +0200] "POST /webhook/ HTTP/1.1" 500 265 "-" "facebookexternalua"
albert79.alwaysdata.net 2a03:2880:20ff:6::face:b00c - - [16/Jun/2023:09:00:52 +0200] "POST /webhook/ HTTP/1.1" 500 265 "-" "facebookexternalua"
albert79.alwaysdata.net 2a03:2880:10ff::face:b00c - - [16/Jun/2023:09:00:52 +0200] "POST /webhook/ HTTP/1.1" 500 265 "-" "facebookexternalua"
albert79.alwaysdata.net 2a03:2880:20ff:d::face:b00c - - [16/Jun/2023:09:00:58 +0200] "POST /webhook/ HTTP/1.1" 200 27 "-" "facebookexternalua"
albert79.alwaysdata.net 2a03:2880:20ff:3::face:b00c - - [16/Jun/2023:09:00:59 +0200] "POST /webhook/ HTTP/1.1" 500 265 "-" "facebookexternalua"
albert79.alwaysdata.net 2a03:2880:10ff:f::face:b00c - - [16/Jun/2023:09:00:59 +0200] "POST /webhook/ HTTP/1.1" 500 265 "-" "facebookexternalua"
albert79.alwaysdata.net 2a03:2880:ff:8::face:b00c - - [16/Jun/2023:09:00:59 +0200] "POST /webhook/ HTTP/1.1" 500 265 "-" "facebookexternalua"
albert79.alwaysdata.net 2a03:2880:20ff:78::face:b00c - - [16/Jun/2023:09:00:59 +0200] "POST /webhook/ HTTP/1.1" 500 265 "-" "facebookexternalua"
albert79.alwaysdata.net 2a03:2880:10ff:75::face:b00c - - [16/Jun/2023:09:01:00 +0200] "POST /webhook/ HTTP/1.1" 500 265 "-" "facebookexternalua"
albert79.alwaysdata.net 2a03:2880:21ff:1::face:b00c - - [16/Jun/2023:09:01:00 +0200] "POST /webhook/ HTTP/1.1" 500 265 "-" "facebookexternalua"
albert79.alwaysdata.net 2a03:2880:20ff::face:b00c - - [16/Jun/2023:09:01:00 +0200] "POST /webhook/ HTTP/1.1" 500 265 "-" "facebookexternalua"
albert79.alwaysdata.net 2a03:2880:10ff:74::face:b00c - - [16/Jun/2023:09:01:00 +0200] "POST /webhook/ HTTP/1.1" 500 265 "-" "facebookexternalua"
albert79.alwaysdata.net 2a03:2880:21ff:15::face:b00c - - [16/Jun/2023:09:01:01 +0200] "POST /webhook/ HTTP/1.1" 500 265 "-" "facebookexternalua"
albert79.alwaysdata.net 2a03:2880:20ff:76::face:b00c - - [16/Jun/2023:09:01:02 +0200] "POST /webhook/ HTTP/1.1" 500 265 "-" "facebookexternalua"
albert79.alwaysdata.net 2a03:2880:10ff:77::face:b00c - - [16/Jun/2023:09:01:02 +0200] "POST /webhook/ HTTP/1.1" 500 265 "-" "facebookexternalua"
albert79.alwaysdata.net 2a03:2880:21ff:12::face:b00c - - [16/Jun/2023:09:01:03 +0200] "POST /webhook/ HTTP/1.1" 500 265 "-" "facebookexternalua"
albert79.alwaysdata.net 2a03:2880:20ff:c::face:b00c - - [16/Jun/2023:09:01:05 +0200] "POST /webhook/ HTTP/1.1" 500 265 "-" "facebookexternalua"
albert79.alwaysdata.net 2a03:2880:10ff:c::face:b00c - - [16/Jun/2023:09:01:18 +0200] "POST /webhook/ HTTP/1.1" 500 265 "-" "facebookexternalua"
albert79.alwaysdata.net 2a03:2880:20ff:d::face:b00c - - [16/Jun/2023:09:01:19 +0200] "POST /webhook/ HTTP/1.1" 500 265 "-" "facebookexternalua"
albert79.alwaysdata.net 2a03:2880:20ff:2::face:b00c - - [16/Jun/2023:09:01:20 +0200] "POST /webhook/ HTTP/1.1" 500 265 "-" "facebookexternalua"
albert79.alwaysdata.net 2a03:2880:10ff:77::face:b00c - - [16/Jun/2023:09:01:27 +0200] "POST /webhook/ HTTP/1.1" 500 265 "-" "facebookexternalua"
albert79.alwaysdata.net 2a03:2880:20ff:f::face:b00c - - [16/Jun/2023:09:01:28 +0200] "POST /webhook/ HTTP/1.1" 500 265 "-" "facebookexternalua"
albert79.alwaysdata.net 2a03:2880:21ff:74::face:b00c - - [16/Jun/2023:09:01:30 +0200] "POST /webhook/ HTTP/1.1" 500 265 "-" "facebookexternalua"
albert79.alwaysdata.net 2a03:2880:21ff:6::face:b00c - - [16/Jun/2023:09:01:39 +0200] "POST /webhook/ HTTP/1.1" 200 27 "-" "facebookexternalua"
albert79.alwaysdata.net 2a03:2880:10ff:7::face:b00c - - [16/Jun/2023:09:01:40 +0200] "POST /webhook/ HTTP/1.1" 500 265 "-" "facebookexternalua"
albert79.alwaysdata.net 2a03:2880:10ff:a::face:b00c - - [16/Jun/2023:09:01:40 +0200] "POST /webhook/ HTTP/1.1" 500 265 "-" "facebookexternalua"
albert79.alwaysdata.net 2a03:2880:ff:2::face:b00c - - [16/Jun/2023:09:01:40 +0200] "POST /webhook/ HTTP/1.1" 500 265 "-" "facebookexternalua"
albert79.alwaysdata.net 2a03:2880:10ff::face:b00c - - [16/Jun/2023:09:01:41 +0200] "POST /webhook/ HTTP/1.1" 500 265 "-" "facebookexternalua"
albert79.alwaysdata.net 2a03:2880:ff:9::face:b00c - - [16/Jun/2023:09:01:41 +0200] "POST /webhook/ HTTP/1.1" 500 265 "-" "facebookexternalua"
albert79.alwaysdata.net 2a03:2880:10ff:f::face:b00c - - [16/Jun/2023:09:01:41 +0200] "POST /webhook/ HTTP/1.1" 500 265 "-" "facebookexternalua"
albert79.alwaysdata.net 2a03:2880:10ff:76::face:b00c - - [16/Jun/2023:09:01:41 +0200] "POST /webhook/ HTTP/1.1" 500 265 "-" "facebookexternalua"
albert79.alwaysdata.net 2a03:2880:10ff:5::face:b00c - - [16/Jun/2023:09:01:41 +0200] "POST /webhook/ HTTP/1.1" 500 265 "-" "facebookexternalua"
albert79.alwaysdata.net 2a03:2880:ff:b::face:b00c - - [16/Jun/2023:09:01:42 +0200] "POST /webhook/ HTTP/1.1" 500 265 "-" "facebookexternalua"
albert79.alwaysdata.net 2a03:2880:10ff:3::face:b00c - - [16/Jun/2023:09:01:43 +0200] "POST /webhook/ HTTP/1.1" 500 265 "-" "facebookexternalua"
albert79.alwaysdata.net 2a03:2880:10ff:9::face:b00c - - [16/Jun/2023:09:01:43 +0200] "POST /webhook/ HTTP/1.1" 500 265 "-" "facebookexternalua"
albert79.alwaysdata.net 2a03:2880:ff:b::face:b00c - - [16/Jun/2023:09:01:44 +0200] "POST /webhook/ HTTP/1.1" 500 265 "-" "facebookexternalua"
albert79.alwaysdata.net 2a03:2880:10ff:c::face:b00c - - [16/Jun/2023:09:02:07 +0200] "POST /webhook/ HTTP/1.1" 500 265 "-" "facebookexternalua"
albert79.alwaysdata.net 2a03:2880:ff:1::face:b00c - - [16/Jun/2023:09:02:07 +0200] "POST /webhook/ HTTP/1.1" 500 265 "-" "facebookexternalua"
albert79.alwaysdata.net 2a03:2880:10ff:a::face:b00c - - [16/Jun/2023:09:02:08 +0200] "POST /webhook/ HTTP/1.1" 500 265 "-" "facebookexternalua"
albert79.alwaysdata.net 2a03:2880:21ff:11::face:b00c - - [16/Jun/2023:09:02:57 +0200] "POST /webhook/ HTTP/1.1" 500 265 "-" "facebookexternalua"
albert79.alwaysdata.net 2a03:2880:21ff:9::face:b00c - - [16/Jun/2023:09:03:22 +0200] "POST /webhook/ HTTP/1.1" 500 265 "-" "facebookexternalua"
albert79.alwaysdata.net 2a03:2880:20ff:77::face:b00c - - [16/Jun/2023:09:03:28 +0200] "POST /webhook/ HTTP/1.1" 500 265 "-" "facebookexternalua"
albert79.alwaysdata.net 2a03:2880:20ff:1::face:b00c - - [16/Jun/2023:09:03:31 +0200] "POST /webhook/ HTTP/1.1" 500 265 "-" "facebookexternalua"
albert79.alwaysdata.net 2a03:2880:21ff:13::face:b00c - - [16/Jun/2023:09:03:52 +0200] "POST /webhook/ HTTP/1.1" 500 265 "-" "facebookexternalua"
albert79.alwaysdata.net 2a03:2880:21ff:77::face:b00c - - [16/Jun/2023:09:07:56 +0200] "POST /webhook/ HTTP/1.1" 500 265 "-" "facebookexternalua"
albert79.alwaysdata.net 2a03:2880:10ff:77::face:b00c - - [16/Jun/2023:09:08:01 +0200] "POST /webhook/ HTTP/1.1" 500 265 "-" "facebookexternalua"
albert79.alwaysdata.net 2a03:2880:20ff:9::face:b00c - - [16/Jun/2023:09:08:05 +0200] "POST /webhook/ HTTP/1.1" 500 265 "-" "facebookexternalua"
albert79.alwaysdata.net 2a03:2880:10ff:8::face:b00c - - [16/Jun/2023:09:08:16 +0200] "POST /webhook/ HTTP/1.1" 500 265 "-" "facebookexternalua"
albert79.alwaysdata.net 2a03:2880:20ff:3::face:b00c - - [16/Jun/2023:09:08:21 +0200] "POST /webhook/ HTTP/1.1" 500 265 "-" "facebookexternalua"
albert79.alwaysdata.net 2a03:2880:10ff:6::face:b00c - - [16/Jun/2023:09:08:21 +0200] "POST /webhook/ HTTP/1.1" 500 265 "-" "facebookexternalua"
albert79.alwaysdata.net 2a03:2880:20ff:b::face:b00c - - [16/Jun/2023:09:08:25 +0200] "POST /webhook/ HTTP/1.1" 500 265 "-" "facebookexternalua"
albert79.alwaysdata.net 2a03:2880:ff:77::face:b00c - - [16/Jun/2023:09:08:34 +0200] "POST /webhook/ HTTP/1.1" 500 265 "-" "facebookexternalua"
albert79.alwaysdata.net 2a03:2880:10ff:5::face:b00c - - [16/Jun/2023:09:09:21 +0200] "POST /webhook/ HTTP/1.1" 500 265 "-" "facebookexternalua"
